E:\NICBUILDER2.0\NICBUILDER\TRUNK\SOURCE\SRC\LIBHISDATL\LIBHISDATL_H.H
E:\NICBUILDER2.0\NICBUILDER\TRUNK\SOURCE\SRC\LIBHISDATL\LIBHISDATL_I.C
E:\NICBUILDER2.0\NICBUILDER\TRUNK\SOURCE\SRC\LIBHISDATL\LIBHISDATL_P.C
E:\NicBuilder2.0\NicBuilder\trunk\source\src\libhisdATL\Release\cl.command.1.tlog
E:\NicBuilder2.0\NicBuilder\trunk\source\src\libhisdATL\Release\CL.read.1.tlog
E:\NicBuilder2.0\NicBuilder\trunk\source\src\libhisdATL\Release\CL.write.1.tlog
E:\NicBuilder2.0\NicBuilder\trunk\source\src\libhisdATL\Release\libhisdATL.exe.intermediate.manifest
E:\NICBUILDER2.0\NICBUILDER\TRUNK\SOURCE\SRC\LIBHISDATL\RELEASE\LIBHISDATL.OBJ
E:\NICBUILDER2.0\NICBUILDER\TRUNK\SOURCE\SRC\LIBHISDATL\RELEASE\LIBHISDATL.RES
E:\NICBUILDER2.0\NICBUILDER\TRUNK\SOURCE\SRC\LIBHISDATL\RELEASE\LIBHISDATL.TLB
E:\NicBuilder2.0\NicBuilder\trunk\source\src\libhisdATL\Release\link.command.1.tlog
E:\NicBuilder2.0\NicBuilder\trunk\source\src\libhisdATL\Release\link.read.1.tlog
E:\NicBuilder2.0\NicBuilder\trunk\source\src\libhisdATL\Release\link.write.1.tlog
E:\NicBuilder2.0\NicBuilder\trunk\source\src\libhisdATL\Release\link-cvtres.read.1.tlog
E:\NicBuilder2.0\NicBuilder\trunk\source\src\libhisdATL\Release\link-cvtres.write.1.tlog
E:\NicBuilder2.0\NicBuilder\trunk\source\src\libhisdATL\Release\midl.command.1.tlog
E:\NicBuilder2.0\NicBuilder\trunk\source\src\libhisdATL\Release\midl.read.1.tlog
E:\NicBuilder2.0\NicBuilder\trunk\source\src\libhisdATL\Release\midl.write.1.tlog
E:\NicBuilder2.0\NicBuilder\trunk\source\src\libhisdATL\Release\midl-midlc.read.1.tlog
E:\NicBuilder2.0\NicBuilder\trunk\source\src\libhisdATL\Release\midl-midlc.write.1.tlog
E:\NicBuilder2.0\NicBuilder\trunk\source\src\libhisdATL\Release\midl-midlc-cl.read.1.tlog
E:\NICBUILDER2.0\NICBUILDER\TRUNK\SOURCE\SRC\LIBHISDATL\RELEASE\PMCDB.OBJ
E:\NicBuilder2.0\NicBuilder\trunk\source\src\libhisdATL\Release\rc.command.1.tlog
E:\NicBuilder2.0\NicBuilder\trunk\source\src\libhisdATL\Release\rc.read.1.tlog
E:\NicBuilder2.0\NicBuilder\trunk\source\src\libhisdATL\Release\rc.write.1.tlog
E:\NICBUILDER2.0\NICBUILDER\TRUNK\SOURCE\SRC\LIBHISDATL\RELEASE\STDAFX.OBJ
E:\NICBUILDER2.0\NICBUILDER\TRUNK\SOURCE\SRC\LIBHISDATL\RELEASE\VC100.PDB
